<?xml version="1.0" encoding="UTF-8"?>
<!-- Generated by org.testng.reporters.JUnitReportReporter -->
<testsuite hostname="DESKTOP-SVJDG53" failures="0" tests="2" name="com.delete.Report" time="80.665" errors="0" timestamp="2022-03-23T12:38:14 IST" skipped="0">
  <testcase classname="com.delete.Report" name="DeleteAll" time="42.243"/>
  <system-out/>
  <testcase classname="com.delete.Report" name="DeleteExportApp" time="38.422"/>
  <system-out/>
</testsuite> <!-- com.delete.Report -->
